---------------------------------------------------
M.U.G.E.N ver 1.1.0 Beta 1 P1 (2013.08.11) status log
---------------------------------------------------
Parsing command line...
Command line: G:\Games\Mugen\Mugen(Current)\mugen-1.1b1\mugen-1.1b1\mugen.exe
Parse command line OK
Initializing...
Allocating game variables
Reading configuration file...Setting language "en".
OK
Initializing timer...performance timer enabled...frequency 1562450...OK
Initializing keyboard...configuring...OK
Initializing input engine...OK
Initializing sound...OK
Initializing BGM...  OK
Initializing graphics...gameCoord 1280x720...render mode 2_20...trying 1280x720x32 mode 0x0...success...OK
Setting callbacks...OK
Initializing font...OK
Initializing game variables...OK
Session RNG seed is 1572185177
Loading system fonts...OK
Loading options...
Initializing pads...failed
Reinitializing input engine...OK
Remapping keys...OK
Reinitializing input engine...OK
Options loaded OK
Loading system...
  Load system file system.def...OK
  Load system spr...OK
  Load system snd...OK
  Load system fonts...OK
  Load system anim...OK
  Load [Title Info]...OK
  Load [Option Info]...OK
  Load [Select Info]...OK
  Load [VS Screen]...OK
  Load [Victory Screen]...OK
  Load [Demo Mode]...OK
  Load [Continue Screen]...OK
  Load [Game Over Screen]...OK
  Load [Win Screen]...OK
  Load [Survival Results Screen]...OK
  Load [Default Ending]...OK
  Load [End Credits]...OK
  Load TitleBG...VersusBG...VictoryBG...SelectBG...OptionBG...OK
  Loading fight data
    Opening fight data file data/mvdvsvc-unlimited-1.1-720p-NoCAT/fight.def...OK
    Reading [Files]...OK
    Loading fonts...OK
    Load fight anim...OK
    Reading [Lifebar]...[Turns Lifebar]...[Simul Lifebar]...[Powerbar]...
    [Face]...[Simul Face]...[Turns Face]...
    [Name]...[Simul Name]...[Turns Name]...
    [Time]...[Combo]...[Round]...[WinIcon]...OK
    Allocating explods...OK
  Fight data loaded OK
Lua initing
Lua init complete
System loaded OK
Initialize OK
Set up graphics...timer...OK

Entering gameflow loop
Gameflow 0
Gameflow 1
Playing storyboard loading.def: scene
Unloading match assets
Freeing players
Game loop init
Game loop deinit
Finished playing storyboard loading.def: scene
Gameflow 2
Initializing character info...OK
Initializing select screen...finding characters...
  Error reading character file: chars/empty/empty.def

  Error reading character file: chars/empty/empty.def

  Error opening zip file: chars/MVC2_StriderHiryu.zip

  Error reading character file: chars/empty/empty.def

  Error reading character file: chars/empty/empty.def

  Error reading character file: chars/empty/empty.def

  Error opening zip file: chars/mvc_ken.zip

  Error reading character file: chars/empty/empty.def

  Error reading character file: chars/empty/empty.def

  Error reading character file: chars/empty/empty.def

  Error reading character file: chars/empty/empty.def

  Error reading character file: chars/empty/empty.def

  Error reading character file: chars/empty/empty.def

  Error reading character file: chars/empty/empty.def

  Error reading character file: chars/empty/empty.def

  Error reading character file: chars/empty/empty.def

  Error reading character file: chars/empty/empty.def

  Error reading character file: chars/empty/empty.def

  Error reading character file: chars/empty/empty.def

  Error reading character file: chars/empty/empty.def

  Error reading character file: chars/empty/empty.def

  Error reading character file: chars/empty/empty.def

  Error reading character file: chars/empty/empty.def

  Error opening zip file: chars/mvc_dan.zip

  Error reading character file: chars/empty/empty.def

  Error reading character file: chars/empty/empty.def

  Error reading character file: chars/empty/empty.def

  Error reading character file: chars/empty/empty.def

  Error reading character file: chars/empty/empty.def

  Error reading character file: chars/empty/empty.def

  Error reading character file: chars/empty/empty.def

  Error reading character file: chars/empty/empty.def

  Error reading character file: chars/empty/empty.def

  Error reading character file: chars/empty/empty.def

  Error reading character file: chars/empty/empty.def

  Error reading character file: chars/empty/empty.def
OK
Gameflow 3
Playing storyboard logo.def: scene
Unloading match assets
Freeing players
Game loop init
Game loop deinit
Finished playing storyboard logo.def: scene
Gameflow 4
Entering mode select.
Unloading match assets
Freeing players
Game loop init
Mode select init
End of mode select loop
Game loop deinit
Gameflow 5
Entering options screen.
Unloading match assets
Freeing players
Game loop init
Options screen init
End of options screen loop
Game loop deinit
Gameflow 4
Entering mode select.
Unloading match assets
Freeing players
Game loop init
Mode select init
End of mode select loop
Game loop deinit
Gameflow 5
Entering options screen.
Unloading match assets
Freeing players
Game loop init
Options screen init
End of options screen loop
Game loop deinit
Gameflow 4
Entering mode select.
Unloading match assets
Freeing players
Game loop init
Mode select init
End of mode select loop
Game loop deinit
Gameflow 6
Reset persist vars team 0
Reset persist vars team 1
Gameflow 7
Entering character select.
Unloading match assets
Freeing players
Game loop init
Unreserved all palettes
Charsel init
Selected char 14 on teamslot 0.0
Char Wolverine.def (14) request pal 0 3F (3F) -> reserved 0 (3E)
End of charsel loop
Game loop deinit
Gameflow 8
Char Amingo.def (4) request pal 9 3F (3F) -> reserved 3 (37)
Gameflow 9
Gameflow 10
Entering versus screen.
Unloading match assets
Freeing players
Game loop init
Versus screen init
End of versus screen loop
Game loop deinit
Gameflow 11
Loading match assets...
Loading stage...
  Loading BG...OK
Stage loaded OK
Setting game resolution 1280x960...OK
  Allocating helpers...OK
Match RNG seed: 1555179985
Reset persist vars team 1
Loading character chars/MVC2-Wolverine\Wolverine.def...
  Loading info...OK
  Loading cmd command set CMND/Wolverine.cmd...OK
  Loading cns CNS/Wolverine.cns...OK
  Loading cns CNS/config.txt...OK
  Loading cmd state entry CMND/Wolverine.cmd...OK
  Loading common states CNS/common1.cns...OK
  Loading sff SPRITES/Wolverine.sff...OK
  Loading anim ANIMATIONS/Wolverine.air...OK
  Loading snd SOUNDS/Wolverine.snd...OK
  Loading pals...(1,1)(1,2)(1,3)(1,4)(1,5)(1,6)OK
  SFF v1.01 palette hack engaged.
  13637 expressions (3839 on trigger lines)
Character Wolverine.def loaded OK
New char Wolverine loaded into cache: (1/4 cached) Load time: 2440.000ms
Loading character chars/MVC2 - Amingo\Amingo.def...
  Loading info...OK
  Loading cmd command set CMND/Amingo.cmd...OK
  Loading cns CNS/Amingo.cns...OK
  Loading cns CNS/config.txt...OK
  Loading cmd state entry CMND/Amingo.cmd...OK
  Loading common states CNS/common1.cns...OK
  Loading sff SPRITES/Amingo.sff...OK
  Loading anim ANIMATIONS/Amingo.air...OK
  Loading snd SOUNDS/Amingo.snd...OK
  Loading pals...(1,1)(1,2)(1,3)(1,4)(1,5)(1,6)OK
  SFF v1.01 palette hack engaged.
  8323 expressions (2573 on trigger lines)
Character Amingo.def loaded OK
New char Amingo loaded into cache: (2/4 cached) Load time: 3350.000ms
Resetting round
Match assets initialized OK
Game loop init
Match loop init
Resetting round
End of match loop
Total time: 55.11s
Total frames: 4410 	Skipped frames: 2
Avg game rate: 80.02
Avg frame rate: 79.99

Finishing match
Freeing players
Save persist vars P56 Wolverine
Player Wolverine cache count reduced: 0
Save persist vars P57 Amingo
Player Amingo cache count reduced: 0
Match RNG closed
Game loop deinit
Gameflow 6
Reset persist vars team 0
Reset persist vars team 1
Gameflow 7
Entering character select.
Setting game resolution 1280x720...OK
Unloading match assets
Freeing players
Unloading stage...OK
Game loop init
Unreserved all palettes
Charsel init
Game loop deinit
Canceled character select.
Gameflow 4
Entering mode select.
Unloading match assets
Freeing players
Game loop init
Mode select init
End of mode select loop
Game loop deinit
Returned from gameflow loop
Deinitializing...
Frames      : 18925
Time elapsed: 331.270 sec
ticks: 33127, tps: 100, start 1706, end 34833

Unloading match assets
Freeing players
Clearing player cache...Freeing player RC Amingo...CMD...CNS...SFF...AIR...SND...Misc...OK
Freeing player RC Wolverine...CMD...CNS...SFF...AIR...SND...Misc...OK
OK
Freeing character info...OK
Freeing select screen...OK
Freeing fight data...OK
Freeing system data...OK
Freeing game variables...Unloading match assets
Freeing players
OK
Deinitializing input...pad...keyboard...OK
Removing callbacks...OK
Deintializing timer...OK
Deinitializing graphics...OK
Deinitializing BGM...OK
Deinitializing sound...OK
Successful program termination.

Log file successfully closed.
